In file included from main.cpp:1:
In file included from ./tester.hpp:13:
In file included from ./../containers/map.hpp:4:
In file included from ./../containers/../utils/rb_tree.hpp:6:
In file included from ./../containers/../utils/../containers/stack.hpp:4:
In file included from ./../containers/vector.hpp:9:
./../containers/../utils/util.hpp:23:9: error: cannot specify any part of a return type in the declaration of a conversion function; put the complete type after 'operator'
  const operator value_type() const noexcept { return value; }
        ^~~~~~~~
./../containers/../utils/util.hpp:23:36: error: expected ';' at end of declaration list
  const operator value_type() const noexcept { return value; }
                                   ^
                                   ;
2 errors generated.
In file included from test_map.cpp:1:
In file included from ./tester.hpp:13:
In file included from ./../containers/map.hpp:4:
In file included from ./../containers/../utils/rb_tree.hpp:6:
In file included from ./../containers/../utils/../containers/stack.hpp:4:
In file included from ./../containers/vector.hpp:9:
./../containers/../utils/util.hpp:23:9: error: cannot specify any part of a return type in the declaration of a conversion function; put the complete type after 'operator'
  const operator value_type() const noexcept { return value; }
        ^~~~~~~~
./../containers/../utils/util.hpp:23:36: error: expected ';' at end of declaration list
  const operator value_type() const noexcept { return value; }
                                   ^
                                   ;
test_map.cpp:31:64: error: expected expression
    ft::pair<ft::map<int, int>::iterator, bool> ret = M.insert({key, val});
                                                               ^
test_map.cpp:77:29: error: expected expression
  rep(i, 10) { nums1.insert({i, i}); }
                            ^
test_map.cpp:103:16: error: expected expression
      M.insert({k, k});
               ^
test_map.cpp:122:28: error: non-aggregate type 'ft::pair<const int, int>' cannot be initialized with an initializer list
  ft::pair<const int, int> q = {1, 2};
                           ^   ~~~~~~
test_map.cpp:165:27: error: expected expression
  ret = M.insert(M.end(), {4, 2});
                          ^
test_map.cpp:169:29: error: expected expression
  ret = M.insert(M.begin(), {4, 2});
                            ^
test_map.cpp:173:27: error: expected expression
  ret = M.insert(M.end(), {5, 2});
                          ^
test_map.cpp:177:29: error: expected expression
  ret = M.insert(M.begin(), {7, 2});
                            ^
test_map.cpp:189:5: error: no matching member function for call to 'insert'
  M.insert(MM.begin(), MM.end());
  ~~^~~~~~
./../containers/map.hpp:132:12: note: candidate function not viable: no known conversion from 'ft::map<int, int, std::__1::less<int>, std::__1::allocator<ft::pair<const int, int> > >::iterator' (aka '_Rb_tree_iterator<ft::pair<const int, int> >') to 'const ft::map<int, int, std::__1::less<int>, std::__1::allocator<ft::pair<const int, int> > >::value_type' (aka 'const pair<const int, int>') for 2nd argument
  iterator insert(iterator position, const value_type& x) {
           ^
./../containers/map.hpp:138:8: note: candidate template ignored: substitution failure [with InputIt = ft::_Rb_tree_iterator<ft::pair<const int, int> >]
  void insert(InputIt first, InputIt last,
       ^
./../containers/map.hpp:124:28: note: candidate function not viable: requires single argument 'x', but 2 arguments were provided
  ft::pair<iterator, bool> insert(const value_type& x) {
                           ^
test_map.cpp:191:5: error: no matching member function for call to 'insert'
  M.insert(MM.begin(), MM.end());
  ~~^~~~~~
./../containers/map.hpp:132:12: note: candidate function not viable: no known conversion from 'ft::map<int, int, std::__1::less<int>, std::__1::allocator<ft::pair<const int, int> > >::iterator' (aka '_Rb_tree_iterator<ft::pair<const int, int> >') to 'const ft::map<int, int, std::__1::less<int>, std::__1::allocator<ft::pair<const int, int> > >::value_type' (aka 'const pair<const int, int>') for 2nd argument
  iterator insert(iterator position, const value_type& x) {
           ^
./../containers/map.hpp:138:8: note: candidate template ignored: substitution failure [with InputIt = ft::_Rb_tree_iterator<ft::pair<const int, int> >]: no member named 'value' in 'ft::is_integral<ft::_Rb_tree_iterator<ft::pair<const int, int> > >'
  void insert(InputIt first, InputIt last,
       ^
./../containers/map.hpp:124:28: note: candidate function not viable: requires single argument 'x', but 2 arguments were provided
  ft::pair<iterator, bool> insert(const value_type& x) {
                           ^
test_map.cpp:269:15: error: expected expression
  points[0] = {2, 0};
              ^
test_map.cpp:270:15: error: expected expression
  points[1] = {1, 0};
              ^
test_map.cpp:271:15: error: expected expression
  points[2] = {3, 0};
              ^
test_map.cpp:682:34: error: expected expression
    bool before = comp_func(key, {100, 100});
                                 ^
test_map.cpp:683:28: error: expected expression
    bool after = comp_func({100, 100}, key);
                           ^
test_map.cpp:750:29: error: no matching constructor for initialization of 'ft::map<std::string, int>' (aka 'map<basic_string<char, char_traits<char>, allocator<char> >, int>')
  ft::map<std::string, int> iter(map1.find("anything"), map1.end());
                            ^    ~~~~~~~~~~~~~~~~~~~~~~~~~~~~~~~~~
./../containers/map.hpp:53:12: note: candidate constructor not viable: no known conversion from 'ft::map<std::__1::basic_string<char>, int, std::__1::less<std::__1::basic_string<char> >, std::__1::allocator<ft::pair<const std::__1::basic_string<char>, int> > >::iterator' (aka '_Rb_tree_iterator<ft::pair<const std::__1::basic_string<char>, int> >') to 'const std::__1::less<std::__1::basic_string<char> >' for 1st argument
  explicit map(const Compare& comp,
           ^
./../containers/map.hpp:61:3: note: candidate template ignored: substitution failure [with InputIt = ft::_Rb_tree_iterator<ft::pair<const std::__1::basic_string<char>, int> >]
  map(InputIt first, InputIt last, const Compare& comp = Compare(),
  ^
./../containers/map.hpp:70:3: note: candidate constructor not viable: requires single argument 'x', but 2 arguments were provided
  map(const map& x) : _M_t(x._M_t) {}
  ^
./../containers/map.hpp:52:3: note: candidate constructor not viable: requires 0 arguments, but 2 were provided
  map() : _M_t() {}
  ^
test_map.cpp:756:29: error: no matching constructor for initialization of 'ft::map<std::string, int>' (aka 'map<basic_string<char, char_traits<char>, allocator<char> >, int>')
  ft::map<std::string, int> iter2(map1.find("something"), map1.end());
                            ^     ~~~~~~~~~~~~~~~~~~~~~~~~~~~~~~~~~~
./../containers/map.hpp:53:12: note: candidate constructor not viable: no known conversion from 'ft::map<std::__1::basic_string<char>, int, std::__1::less<std::__1::basic_string<char> >, std::__1::allocator<ft::pair<const std::__1::basic_string<char>, int> > >::iterator' (aka '_Rb_tree_iterator<ft::pair<const std::__1::basic_string<char>, int> >') to 'const std::__1::less<std::__1::basic_string<char> >' for 1st argument
  explicit map(const Compare& comp,
           ^
./../containers/map.hpp:61:3: note: candidate template ignored: substitution failure [with InputIt = ft::_Rb_tree_iterator<ft::pair<const std::__1::basic_string<char>, int> >]: no member named 'value' in 'ft::is_integral<ft::_Rb_tree_iterator<ft::pair<const std::__1::basic_string<char>, int> > >'
  map(InputIt first, InputIt last, const Compare& comp = Compare(),
  ^
./../containers/map.hpp:70:3: note: candidate constructor not viable: requires single argument 'x', but 2 arguments were provided
  map(const map& x) : _M_t(x._M_t) {}
  ^
./../containers/map.hpp:52:3: note: candidate constructor not viable: requires 0 arguments, but 2 were provided
  map() : _M_t() {}
  ^
fatal error: too many errors emitted, stopping now [-ferror-limit=]
20 errors generated.
In file included from test_review.cpp:1:
In file included from ./tester.hpp:13:
In file included from ./../containers/map.hpp:4:
In file included from ./../containers/../utils/rb_tree.hpp:6:
In file included from ./../containers/../utils/../containers/stack.hpp:4:
In file included from ./../containers/vector.hpp:9:
./../containers/../utils/util.hpp:23:9: error: cannot specify any part of a return type in the declaration of a conversion function; put the complete type after 'operator'
  const operator value_type() const noexcept { return value; }
        ^~~~~~~~
./../containers/../utils/util.hpp:23:36: error: expected ';' at end of declaration list
  const operator value_type() const noexcept { return value; }
                                   ^
                                   ;
test_review.cpp:147:40: error: expected expression
  for (int i = 0; i < N; ++i) M.insert({i, i});
                                       ^
test_review.cpp:269:32: error: a space is required between consecutive right angle brackets (use '> >')
  ft::stack<int, ft::vector<int>> SV;
                               ^~
                               > >
test_review.cpp:271:32: error: a space is required between consecutive right angle brackets (use '> >')
  ft::stack<int, std::deque<int>> SD;
                               ^~
                               > >
test_review.cpp:273:31: error: a space is required between consecutive right angle brackets (use '> >')
  ft::stack<int, std::list<int>> SL;
                              ^~
                              > >
In file included from test_review.cpp:1:
In file included from ./tester.hpp:13:
In file included from ./../containers/map.hpp:4:
In file included from ./../containers/../utils/rb_tree.hpp:6:
In file included from ./../containers/stack.hpp:4:
./../containers/vector.hpp:37:14: error: delegating constructors are permitted only in C++11
  vector() : vector(allocator_type()) {}
             ^~~~~~
test_review.cpp:38:19: note: in instantiation of member function 'ft::vector<int, std::__1::allocator<int> >::vector' requested here
  ft::vector<int> V;
                  ^
In file included from test_review.cpp:1:
In file included from ./tester.hpp:13:
In file included from ./../containers/map.hpp:4:
./../containers/../utils/rb_tree.hpp:516:16: error: delegating constructors are permitted only in C++11
  _Rb_tree() : _Rb_tree(key_compare(), _Node_allocator()) {}
               ^~~~~~~~
./../containers/map.hpp:52:11: note: in instantiation of member function 'ft::_Rb_tree<int, ft::pair<const int, char>, ft::_Select1st<ft::pair<const int, char> >, std::__1::less<int>, std::__1::allocator<ft::pair<const int, char> > >::_Rb_tree' requested here
  map() : _M_t() {}
          ^
test_review.cpp:126:22: note: in instantiation of member function 'ft::map<int, char, std::__1::less<int>, std::__1::allocator<ft::pair<const int, char> > >::map' requested here
  ft::map<int, char> M;
                     ^
In file included from test_review.cpp:1:
In file included from ./tester.hpp:13:
In file included from ./../containers/map.hpp:4:
./../containers/../utils/rb_tree.hpp:1209:21: error: no matching member function for call to 'construct'
      _M_node_alloc.construct(
      ~~~~~~~~~~~~~~^~~~~~~~~
./../containers/../utils/rb_tree.hpp:1220:5: note: in instantiation of member function 'ft::_Rb_tree<int, ft::pair<const int, char>, ft::_Select1st<ft::pair<const int, char> >, std::__1::less<int>, std::__1::allocator<ft::pair<const int, char> > >::_M_construct_node' requested here
    _M_construct_node(tmp, x);
    ^
./../containers/../utils/rb_tree.hpp:1130:21: note: in instantiation of member function 'ft::_Rb_tree<int, ft::pair<const int, char>, ft::_Select1st<ft::pair<const int, char> >, std::__1::less<int>, std::__1::allocator<ft::pair<const int, char> > >::_M_create_node' requested here
    _Link_type pt = _M_create_node(x);
                    ^
./../containers/map.hpp:125:17: note: in instantiation of member function 'ft::_Rb_tree<int, ft::pair<const int, char>, ft::_Select1st<ft::pair<const int, char> >, std::__1::less<int>, std::__1::allocator<ft::pair<const int, char> > >::insert' requested here
    return _M_t.insert(x);
                ^
test_review.cpp:127:5: note: in instantiation of member function 'ft::map<int, char, std::__1::less<int>, std::__1::allocator<ft::pair<const int, char> > >::insert' requested here
  M.insert(ft::make_pair(100, 'a'));
    ^
/Applications/Xcode.app/Contents/Developer/Toolchains/XcodeDefault.xctoolchain/usr/bin/../include/c++/v1/memory:1840:9: note: candidate function template not viable: no known conversion from 'ft::pair<const int, char> *' to 'std::__1::allocator<ft::_Rb_tree_node<ft::pair<const int, char> > >::pointer' (aka 'ft::_Rb_tree_node<ft::pair<const int, char> > *') for 1st argument
        construct(pointer __p, _A0& __a0)
        ^
/Applications/Xcode.app/Contents/Developer/Toolchains/XcodeDefault.xctoolchain/usr/bin/../include/c++/v1/memory:1847:9: note: candidate function template not viable: no known conversion from 'ft::pair<const int, char> *' to 'std::__1::allocator<ft::_Rb_tree_node<ft::pair<const int, char> > >::pointer' (aka 'ft::_Rb_tree_node<ft::pair<const int, char> > *') for 1st argument
        construct(pointer __p, const _A0& __a0)
        ^
/Applications/Xcode.app/Contents/Developer/Toolchains/XcodeDefault.xctoolchain/usr/bin/../include/c++/v1/memory:1855:9: note: candidate function template not viable: requires 3 arguments, but 2 were provided
        construct(pointer __p, _A0& __a0, _A1& __a1)
        ^
/Applications/Xcode.app/Contents/Developer/Toolchains/XcodeDefault.xctoolchain/usr/bin/../include/c++/v1/memory:1862:9: note: candidate function template not viable: requires 3 arguments, but 2 were provided
        construct(pointer __p, const _A0& __a0, _A1& __a1)
        ^
/Applications/Xcode.app/Contents/Developer/Toolchains/XcodeDefault.xctoolchain/usr/bin/../include/c++/v1/memory:1869:9: note: candidate function template not viable: requires 3 arguments, but 2 were provided
        construct(pointer __p, _A0& __a0, const _A1& __a1)
        ^
/Applications/Xcode.app/Contents/Developer/Toolchains/XcodeDefault.xctoolchain/usr/bin/../include/c++/v1/memory:1876:9: note: candidate function template not viable: requires 3 arguments, but 2 were provided
        construct(pointer __p, const _A0& __a0, const _A1& __a1)
        ^
/Applications/Xcode.app/Contents/Developer/Toolchains/XcodeDefault.xctoolchain/usr/bin/../include/c++/v1/memory:1831:9: note: candidate function not viable: requires single argument '__p', but 2 arguments were provided
        construct(pointer __p)
        ^
In file included from test_review.cpp:1:
In file included from ./tester.hpp:13:
In file included from ./../containers/map.hpp:4:
./../containers/../utils/rb_tree.hpp:516:16: error: delegating constructors are permitted only in C++11
  _Rb_tree() : _Rb_tree(key_compare(), _Node_allocator()) {}
               ^~~~~~~~
./../containers/map.hpp:52:11: note: in instantiation of member function 'ft::_Rb_tree<int, ft::pair<const int, int>, ft::_Select1st<ft::pair<const int, int> >, std::__1::less<int>, std::__1::allocator<ft::pair<const int, int> > >::_Rb_tree' requested here
  map() : _M_t() {}
          ^
test_review.cpp:144:21: note: in instantiation of member function 'ft::map<int, int, std::__1::less<int>, std::__1::allocator<ft::pair<const int, int> > >::map' requested here
  ft::map<int, int> M;
                    ^
In file included from test_review.cpp:1:
In file included from ./tester.hpp:13:
In file included from ./../containers/map.hpp:4:
./../containers/../utils/rb_tree.hpp:1209:21: error: no matching member function for call to 'construct'
      _M_node_alloc.construct(
      ~~~~~~~~~~~~~~^~~~~~~~~
./../containers/../utils/rb_tree.hpp:1220:5: note: in instantiation of member function 'ft::_Rb_tree<int, ft::pair<const int, int>, ft::_Select1st<ft::pair<const int, int> >, std::__1::less<int>, std::__1::allocator<ft::pair<const int, int> > >::_M_construct_node' requested here
    _M_construct_node(tmp, x);
    ^
./../containers/../utils/rb_tree.hpp:1130:21: note: in instantiation of member function 'ft::_Rb_tree<int, ft::pair<const int, int>, ft::_Select1st<ft::pair<const int, int> >, std::__1::less<int>, std::__1::allocator<ft::pair<const int, int> > >::_M_create_node' requested here
    _Link_type pt = _M_create_node(x);
                    ^
./../containers/map.hpp:125:17: note: in instantiation of member function 'ft::_Rb_tree<int, ft::pair<const int, int>, ft::_Select1st<ft::pair<const int, int> >, std::__1::less<int>, std::__1::allocator<ft::pair<const int, int> > >::insert' requested here
    return _M_t.insert(x);
                ^
./../containers/map.hpp:100:18: note: in instantiation of member function 'ft::map<int, int, std::__1::less<int>, std::__1::allocator<ft::pair<const int, int> > >::insert' requested here
    iterator i = insert(value_type(k, mapped_type())).first;
                 ^
test_review.cpp:241:32: note: in instantiation of member function 'ft::map<int, int, std::__1::less<int>, std::__1::allocator<ft::pair<const int, int> > >::operator[]' requested here
  for (int i = 0; i < N; ++i) M[i] = i;
                               ^
/Applications/Xcode.app/Contents/Developer/Toolchains/XcodeDefault.xctoolchain/usr/bin/../include/c++/v1/memory:1840:9: note: candidate function template not viable: no known conversion from 'ft::pair<const int, int> *' to 'std::__1::allocator<ft::_Rb_tree_node<ft::pair<const int, int> > >::pointer' (aka 'ft::_Rb_tree_node<ft::pair<const int, int> > *') for 1st argument
        construct(pointer __p, _A0& __a0)
        ^
/Applications/Xcode.app/Contents/Developer/Toolchains/XcodeDefault.xctoolchain/usr/bin/../include/c++/v1/memory:1847:9: note: candidate function template not viable: no known conversion from 'ft::pair<const int, int> *' to 'std::__1::allocator<ft::_Rb_tree_node<ft::pair<const int, int> > >::pointer' (aka 'ft::_Rb_tree_node<ft::pair<const int, int> > *') for 1st argument
        construct(pointer __p, const _A0& __a0)
        ^
/Applications/Xcode.app/Contents/Developer/Toolchains/XcodeDefault.xctoolchain/usr/bin/../include/c++/v1/memory:1855:9: note: candidate function template not viable: requires 3 arguments, but 2 were provided
        construct(pointer __p, _A0& __a0, _A1& __a1)
        ^
/Applications/Xcode.app/Contents/Developer/Toolchains/XcodeDefault.xctoolchain/usr/bin/../include/c++/v1/memory:1862:9: note: candidate function template not viable: requires 3 arguments, but 2 were provided
        construct(pointer __p, const _A0& __a0, _A1& __a1)
        ^
/Applications/Xcode.app/Contents/Developer/Toolchains/XcodeDefault.xctoolchain/usr/bin/../include/c++/v1/memory:1869:9: note: candidate function template not viable: requires 3 arguments, but 2 were provided
        construct(pointer __p, _A0& __a0, const _A1& __a1)
        ^
/Applications/Xcode.app/Contents/Developer/Toolchains/XcodeDefault.xctoolchain/usr/bin/../include/c++/v1/memory:1876:9: note: candidate function template not viable: requires 3 arguments, but 2 were provided
        construct(pointer __p, const _A0& __a0, const _A1& __a1)
        ^
/Applications/Xcode.app/Contents/Developer/Toolchains/XcodeDefault.xctoolchain/usr/bin/../include/c++/v1/memory:1831:9: note: candidate function not viable: requires single argument '__p', but 2 arguments were provided
        construct(pointer __p)
        ^
In file included from test_review.cpp:1:
In file included from ./tester.hpp:13:
In file included from ./../containers/map.hpp:4:
In file included from ./../containers/../utils/rb_tree.hpp:6:
In file included from ./../containers/stack.hpp:4:
./../containers/vector.hpp:62:33: error: delegating constructors are permitted only in C++11
  vector(const vector& other) : vector(other._alloc) {
                                ^~~~~~
./../containers/stack.hpp:16:67: note: in instantiation of member function 'ft::vector<int, std::__1::allocator<int> >::vector' requested here
  explicit stack(const container_type& ctnr = container_type()) : _c(ctnr) {}
                                                                  ^
test_review.cpp:269:35: note: in instantiation of member function 'ft::stack<int, ft::vector<int, std::__1::allocator<int> > >::stack' requested here
  ft::stack<int, ft::vector<int>> SV;
                                  ^
12 errors generated.
In file included from test_set.cpp:1:
In file included from ./tester.hpp:13:
In file included from ./../containers/map.hpp:4:
In file included from ./../containers/../utils/rb_tree.hpp:6:
In file included from ./../containers/../utils/../containers/stack.hpp:4:
In file included from ./../containers/vector.hpp:9:
./../containers/../utils/util.hpp:23:9: error: cannot specify any part of a return type in the declaration of a conversion function; put the complete type after 'operator'
  const operator value_type() const noexcept { return value; }
        ^~~~~~~~
./../containers/../utils/util.hpp:23:36: error: expected ';' at end of declaration list
  const operator value_type() const noexcept { return value; }
                                   ^
                                   ;
test_set.cpp:141:5: error: no matching member function for call to 'insert'
  S.insert(SS.begin(), SS.end());
  ~~^~~~~~
./../containers/set.hpp:95:12: note: candidate function not viable: no known conversion from 'ft::set<int, std::__1::less<int>, std::__1::allocator<int> >::iterator' (aka '_Rb_tree_iterator<int>') to 'const ft::set<int, std::__1::less<int>, std::__1::allocator<int> >::value_type' (aka 'const int') for 2nd argument
  iterator insert(iterator position, const value_type& x) {
           ^
./../containers/set.hpp:101:8: note: candidate template ignored: substitution failure [with InputIt = ft::_Rb_tree_iterator<int>]
  void insert(InputIt first, InputIt last,
       ^
./../containers/set.hpp:87:28: note: candidate function not viable: requires single argument 'x', but 2 arguments were provided
  ft::pair<iterator, bool> insert(const value_type& x) {
                           ^
test_set.cpp:143:5: error: no matching member function for call to 'insert'
  S.insert(SS.begin(), SS.end());
  ~~^~~~~~
./../containers/set.hpp:95:12: note: candidate function not viable: no known conversion from 'ft::set<int, std::__1::less<int>, std::__1::allocator<int> >::iterator' (aka '_Rb_tree_iterator<int>') to 'const ft::set<int, std::__1::less<int>, std::__1::allocator<int> >::value_type' (aka 'const int') for 2nd argument
  iterator insert(iterator position, const value_type& x) {
           ^
./../containers/set.hpp:101:8: note: candidate template ignored: substitution failure [with InputIt = ft::_Rb_tree_iterator<int>]: no member named 'value' in 'ft::is_integral<ft::_Rb_tree_iterator<int> >'
  void insert(InputIt first, InputIt last,
       ^
./../containers/set.hpp:87:28: note: candidate function not viable: requires single argument 'x', but 2 arguments were provided
  ft::pair<iterator, bool> insert(const value_type& x) {
                           ^
test_set.cpp:184:15: error: expected expression
  points[0] = {2, 0};
              ^
test_set.cpp:185:15: error: expected expression
  points[1] = {1, 0};
              ^
test_set.cpp:186:15: error: expected expression
  points[2] = {3, 0};
              ^
test_set.cpp:655:24: error: no matching constructor for initialization of 'ft::set<std::string>' (aka 'set<basic_string<char, char_traits<char>, allocator<char> > >')
  ft::set<std::string> b(a.find("cat"), a.end());
                       ^ ~~~~~~~~~~~~~~~~~~~~~~
./../containers/set.hpp:42:12: note: candidate constructor not viable: no known conversion from 'ft::set<std::__1::basic_string<char>, std::__1::less<std::__1::basic_string<char> >, std::__1::allocator<std::__1::basic_string<char> > >::iterator' (aka '_Rb_tree_iterator<std::__1::basic_string<char> >') to 'const std::__1::less<std::__1::basic_string<char> >' for 1st argument
  explicit set(const _Compare& comp, const allocator_type& a = allocator_type())
           ^
./../containers/set.hpp:49:3: note: candidate template ignored: substitution failure [with InputIt = ft::_Rb_tree_iterator<std::__1::basic_string<char> >]
  set(InputIt first, InputIt last, const _Compare& comp = _Compare(),
  ^
./../containers/set.hpp:57:3: note: candidate constructor not viable: requires single argument 'x', but 2 arguments were provided
  set(const set& x) : _M_t(x._M_t) {}
  ^
./../containers/set.hpp:41:3: note: candidate constructor not viable: requires 0 arguments, but 2 were provided
  set() : _M_t() {}
  ^
test_set.cpp:657:24: error: no matching constructor for initialization of 'ft::set<std::string>' (aka 'set<basic_string<char, char_traits<char>, allocator<char> > >')
  ft::set<std::string> b2(a.find("dog"), a.end());
                       ^  ~~~~~~~~~~~~~~~~~~~~~~
./../containers/set.hpp:42:12: note: candidate constructor not viable: no known conversion from 'ft::set<std::__1::basic_string<char>, std::__1::less<std::__1::basic_string<char> >, std::__1::allocator<std::__1::basic_string<char> > >::iterator' (aka '_Rb_tree_iterator<std::__1::basic_string<char> >') to 'const std::__1::less<std::__1::basic_string<char> >' for 1st argument
  explicit set(const _Compare& comp, const allocator_type& a = allocator_type())
           ^
./../containers/set.hpp:49:3: note: candidate template ignored: substitution failure [with InputIt = ft::_Rb_tree_iterator<std::__1::basic_string<char> >]: no member named 'value' in 'ft::is_integral<ft::_Rb_tree_iterator<std::__1::basic_string<char> > >'
  set(InputIt first, InputIt last, const _Compare& comp = _Compare(),
  ^
./../containers/set.hpp:57:3: note: candidate constructor not viable: requires single argument 'x', but 2 arguments were provided
  set(const set& x) : _M_t(x._M_t) {}
  ^
./../containers/set.hpp:41:3: note: candidate constructor not viable: requires 0 arguments, but 2 were provided
  set() : _M_t() {}
  ^
test_set.cpp:667:12: error: expected expression
  z.insert({2, 5});
           ^
test_set.cpp:668:12: error: expected expression
  z.insert({3, 4});
           ^
test_set.cpp:669:12: error: expected expression
  z.insert({1, 1});
           ^
test_set.cpp:670:12: error: expected expression
  z.insert({1, -1});  // this fails because the magnitude of 1,-1 equals 1,1
           ^
In file included from test_set.cpp:1:
In file included from ./tester.hpp:13:
In file included from ./../containers/map.hpp:4:
./../containers/../utils/rb_tree.hpp:516:16: error: delegating constructors are permitted only in C++11
  _Rb_tree() : _Rb_tree(key_compare(), _Node_allocator()) {}
               ^~~~~~~~
./../containers/set.hpp:41:11: note: in instantiation of member function 'ft::_Rb_tree<int, int, ft::_Identity<int>, std::__1::less<int>, std::__1::allocator<int> >::_Rb_tree' requested here
  set() : _M_t() {}
          ^
test_set.cpp:23:16: note: in instantiation of member function 'ft::set<int, std::__1::less<int>, std::__1::allocator<int> >::set' requested here
  ft::set<int> S;
               ^
In file included from test_set.cpp:1:
In file included from ./tester.hpp:13:
In file included from ./../containers/map.hpp:4:
./../containers/../utils/rb_tree.hpp:1209:21: error: no matching member function for call to 'construct'
      _M_node_alloc.construct(
      ~~~~~~~~~~~~~~^~~~~~~~~
./../containers/../utils/rb_tree.hpp:1220:5: note: in instantiation of member function 'ft::_Rb_tree<int, int, ft::_Identity<int>, std::__1::less<int>, std::__1::allocator<int> >::_M_construct_node' requested here
    _M_construct_node(tmp, x);
    ^
./../containers/../utils/rb_tree.hpp:1130:21: note: in instantiation of member function 'ft::_Rb_tree<int, int, ft::_Identity<int>, std::__1::less<int>, std::__1::allocator<int> >::_M_create_node' requested here
    _Link_type pt = _M_create_node(x);
                    ^
./../containers/set.hpp:88:17: note: in instantiation of member function 'ft::_Rb_tree<int, int, ft::_Identity<int>, std::__1::less<int>, std::__1::allocator<int> >::insert' requested here
    return _M_t.insert(x);
                ^
test_set.cpp:27:52: note: in instantiation of member function 'ft::set<int, std::__1::less<int>, std::__1::allocator<int> >::insert' requested here
    ft::pair<ft::set<int>::iterator, bool> ret = S.insert(key);
                                                   ^
/Applications/Xcode.app/Contents/Developer/Toolchains/XcodeDefault.xctoolchain/usr/bin/../include/c++/v1/memory:1840:9: note: candidate function template not viable: no known conversion from 'int *' to 'std::__1::allocator<ft::_Rb_tree_node<int> >::pointer' (aka 'ft::_Rb_tree_node<int> *') for 1st argument
        construct(pointer __p, _A0& __a0)
        ^
/Applications/Xcode.app/Contents/Developer/Toolchains/XcodeDefault.xctoolchain/usr/bin/../include/c++/v1/memory:1847:9: note: candidate function template not viable: no known conversion from 'int *' to 'std::__1::allocator<ft::_Rb_tree_node<int> >::pointer' (aka 'ft::_Rb_tree_node<int> *') for 1st argument
        construct(pointer __p, const _A0& __a0)
        ^
/Applications/Xcode.app/Contents/Developer/Toolchains/XcodeDefault.xctoolchain/usr/bin/../include/c++/v1/memory:1855:9: note: candidate function template not viable: requires 3 arguments, but 2 were provided
        construct(pointer __p, _A0& __a0, _A1& __a1)
        ^
/Applications/Xcode.app/Contents/Developer/Toolchains/XcodeDefault.xctoolchain/usr/bin/../include/c++/v1/memory:1862:9: note: candidate function template not viable: requires 3 arguments, but 2 were provided
        construct(pointer __p, const _A0& __a0, _A1& __a1)
        ^
/Applications/Xcode.app/Contents/Developer/Toolchains/XcodeDefault.xctoolchain/usr/bin/../include/c++/v1/memory:1869:9: note: candidate function template not viable: requires 3 arguments, but 2 were provided
        construct(pointer __p, _A0& __a0, const _A1& __a1)
        ^
/Applications/Xcode.app/Contents/Developer/Toolchains/XcodeDefault.xctoolchain/usr/bin/../include/c++/v1/memory:1876:9: note: candidate function template not viable: requires 3 arguments, but 2 were provided
        construct(pointer __p, const _A0& __a0, const _A1& __a1)
        ^
/Applications/Xcode.app/Contents/Developer/Toolchains/XcodeDefault.xctoolchain/usr/bin/../include/c++/v1/memory:1831:9: note: candidate function not viable: requires single argument '__p', but 2 arguments were provided
        construct(pointer __p)
        ^
In file included from test_set.cpp:1:
In file included from ./tester.hpp:13:
In file included from ./../containers/map.hpp:4:
./../containers/../utils/rb_tree.hpp:516:16: error: delegating constructors are permitted only in C++11
  _Rb_tree() : _Rb_tree(key_compare(), _Node_allocator()) {}
               ^~~~~~~~
./../containers/set.hpp:41:11: note: in instantiation of member function 'ft::_Rb_tree<Point_begin_test *, Point_begin_test *, ft::_Identity<Point_begin_test *>, PointCmp_begin_test, std::__1::allocator<Point_begin_test *> >::_Rb_tree' requested here
  set() : _M_t() {}
          ^
test_set.cpp:189:51: note: in instantiation of member function 'ft::set<Point_begin_test *, PointCmp_begin_test, std::__1::allocator<Point_begin_test *> >::set' requested here
  ft::set<Point_begin_test*, PointCmp_begin_test> mag;
                                                  ^
In file included from test_set.cpp:1:
In file included from ./tester.hpp:13:
In file included from ./../containers/map.hpp:4:
./../containers/../utils/rb_tree.hpp:1209:21: error: no matching member function for call to 'construct'
      _M_node_alloc.construct(
      ~~~~~~~~~~~~~~^~~~~~~~~
./../containers/../utils/rb_tree.hpp:1220:5: note: in instantiation of member function 'ft::_Rb_tree<Point_begin_test *, Point_begin_test *, ft::_Identity<Point_begin_test *>, PointCmp_begin_test, std::__1::allocator<Point_begin_test *> >::_M_construct_node' requested here
    _M_construct_node(tmp, x);
    ^
./../containers/../utils/rb_tree.hpp:1130:21: note: in instantiation of member function 'ft::_Rb_tree<Point_begin_test *, Point_begin_test *, ft::_Identity<Point_begin_test *>, PointCmp_begin_test, std::__1::allocator<Point_begin_test *> >::_M_create_node' requested here
    _Link_type pt = _M_create_node(x);
                    ^
./../containers/set.hpp:88:17: note: in instantiation of member function 'ft::_Rb_tree<Point_begin_test *, Point_begin_test *, ft::_Identity<Point_begin_test *>, PointCmp_begin_test, std::__1::allocator<Point_begin_test *> >::insert' requested here
    return _M_t.insert(x);
                ^
test_set.cpp:190:7: note: in instantiation of member function 'ft::set<Point_begin_test *, PointCmp_begin_test, std::__1::allocator<Point_begin_test *> >::insert' requested here
  mag.insert(points);
      ^
/Applications/Xcode.app/Contents/Developer/Toolchains/XcodeDefault.xctoolchain/usr/bin/../include/c++/v1/memory:1840:9: note: candidate function template not viable: no known conversion from 'Point_begin_test **' to 'std::__1::allocator<ft::_Rb_tree_node<Point_begin_test *> >::pointer' (aka 'ft::_Rb_tree_node<Point_begin_test *> *') for 1st argument
        construct(pointer __p, _A0& __a0)
        ^
/Applications/Xcode.app/Contents/Developer/Toolchains/XcodeDefault.xctoolchain/usr/bin/../include/c++/v1/memory:1847:9: note: candidate function template not viable: no known conversion from 'Point_begin_test **' to 'std::__1::allocator<ft::_Rb_tree_node<Point_begin_test *> >::pointer' (aka 'ft::_Rb_tree_node<Point_begin_test *> *') for 1st argument
        construct(pointer __p, const _A0& __a0)
        ^
/Applications/Xcode.app/Contents/Developer/Toolchains/XcodeDefault.xctoolchain/usr/bin/../include/c++/v1/memory:1855:9: note: candidate function template not viable: requires 3 arguments, but 2 were provided
        construct(pointer __p, _A0& __a0, _A1& __a1)
        ^
/Applications/Xcode.app/Contents/Developer/Toolchains/XcodeDefault.xctoolchain/usr/bin/../include/c++/v1/memory:1862:9: note: candidate function template not viable: requires 3 arguments, but 2 were provided
        construct(pointer __p, const _A0& __a0, _A1& __a1)
        ^
/Applications/Xcode.app/Contents/Developer/Toolchains/XcodeDefault.xctoolchain/usr/bin/../include/c++/v1/memory:1869:9: note: candidate function template not viable: requires 3 arguments, but 2 were provided
        construct(pointer __p, _A0& __a0, const _A1& __a1)
        ^
/Applications/Xcode.app/Contents/Developer/Toolchains/XcodeDefault.xctoolchain/usr/bin/../include/c++/v1/memory:1876:9: note: candidate function template not viable: requires 3 arguments, but 2 were provided
        construct(pointer __p, const _A0& __a0, const _A1& __a1)
        ^
/Applications/Xcode.app/Contents/Developer/Toolchains/XcodeDefault.xctoolchain/usr/bin/../include/c++/v1/memory:1831:9: note: candidate function not viable: requires single argument '__p', but 2 arguments were provided
        construct(pointer __p)
        ^
In file included from test_set.cpp:1:
In file included from ./tester.hpp:13:
In file included from ./../containers/map.hpp:4:
./../containers/../utils/rb_tree.hpp:516:16: error: delegating constructors are permitted only in C++11
  _Rb_tree() : _Rb_tree(key_compare(), _Node_allocator()) {}
               ^~~~~~~~
./../containers/set.hpp:41:11: note: in instantiation of member function 'ft::_Rb_tree<char, char, ft::_Identity<char>, std::__1::less<char>, std::__1::allocator<char> >::_Rb_tree' requested here
  set() : _M_t() {}
          ^
test_set.cpp:247:17: note: in instantiation of member function 'ft::set<char, std::__1::less<char>, std::__1::allocator<char> >::set' requested here
  ft::set<char> SCC;
                ^
In file included from test_set.cpp:1:
In file included from ./tester.hpp:13:
In file included from ./../containers/map.hpp:4:
./../containers/../utils/rb_tree.hpp:1209:21: error: no matching member function for call to 'construct'
      _M_node_alloc.construct(
      ~~~~~~~~~~~~~~^~~~~~~~~
./../containers/../utils/rb_tree.hpp:1220:5: note: in instantiation of member function 'ft::_Rb_tree<char, char, ft::_Identity<char>, std::__1::less<char>, std::__1::allocator<char> >::_M_construct_node' requested here
    _M_construct_node(tmp, x);
    ^
./../containers/../utils/rb_tree.hpp:1130:21: note: in instantiation of member function 'ft::_Rb_tree<char, char, ft::_Identity<char>, std::__1::less<char>, std::__1::allocator<char> >::_M_create_node' requested here
    _Link_type pt = _M_create_node(x);
                    ^
./../containers/set.hpp:88:17: note: in instantiation of member function 'ft::_Rb_tree<char, char, ft::_Identity<char>, std::__1::less<char>, std::__1::allocator<char> >::insert' requested here
    return _M_t.insert(x);
                ^
test_set.cpp:313:19: note: in instantiation of member function 'ft::set<char, std::__1::less<char>, std::__1::allocator<char> >::insert' requested here
  rep(i, 3) alice.insert('a' + i);
                  ^
/Applications/Xcode.app/Contents/Developer/Toolchains/XcodeDefault.xctoolchain/usr/bin/../include/c++/v1/memory:1840:9: note: candidate function template not viable: no known conversion from 'char *' to 'std::__1::allocator<ft::_Rb_tree_node<char> >::pointer' (aka 'ft::_Rb_tree_node<char> *') for 1st argument
        construct(pointer __p, _A0& __a0)
        ^
/Applications/Xcode.app/Contents/Developer/Toolchains/XcodeDefault.xctoolchain/usr/bin/../include/c++/v1/memory:1847:9: note: candidate function template not viable: no known conversion from 'char *' to 'std::__1::allocator<ft::_Rb_tree_node<char> >::pointer' (aka 'ft::_Rb_tree_node<char> *') for 1st argument
        construct(pointer __p, const _A0& __a0)
        ^
/Applications/Xcode.app/Contents/Developer/Toolchains/XcodeDefault.xctoolchain/usr/bin/../include/c++/v1/memory:1855:9: note: candidate function template not viable: requires 3 arguments, but 2 were provided
        construct(pointer __p, _A0& __a0, _A1& __a1)
        ^
/Applications/Xcode.app/Contents/Developer/Toolchains/XcodeDefault.xctoolchain/usr/bin/../include/c++/v1/memory:1862:9: note: candidate function template not viable: requires 3 arguments, but 2 were provided
        construct(pointer __p, const _A0& __a0, _A1& __a1)
        ^
/Applications/Xcode.app/Contents/Developer/Toolchains/XcodeDefault.xctoolchain/usr/bin/../include/c++/v1/memory:1869:9: note: candidate function template not viable: requires 3 arguments, but 2 were provided
        construct(pointer __p, _A0& __a0, const _A1& __a1)
        ^
/Applications/Xcode.app/Contents/Developer/Toolchains/XcodeDefault.xctoolchain/usr/bin/../include/c++/v1/memory:1876:9: note: candidate function template not viable: requires 3 arguments, but 2 were provided
        construct(pointer __p, const _A0& __a0, const _A1& __a1)
        ^
/Applications/Xcode.app/Contents/Developer/Toolchains/XcodeDefault.xctoolchain/usr/bin/../include/c++/v1/memory:1831:9: note: candidate function not viable: requires single argument '__p', but 2 arguments were provided
        construct(pointer __p)
        ^
fatal error: too many errors emitted, stopping now [-ferror-limit=]
20 errors generated.
In file included from test_stack.cpp:1:
In file included from ./tester.hpp:13:
In file included from ./../containers/map.hpp:4:
In file included from ./../containers/../utils/rb_tree.hpp:6:
In file included from ./../containers/../utils/../containers/stack.hpp:4:
In file included from ./../containers/vector.hpp:9:
./../containers/../utils/util.hpp:23:9: error: cannot specify any part of a return type in the declaration of a conversion function; put the complete type after 'operator'
  const operator value_type() const noexcept { return value; }
        ^~~~~~~~
./../containers/../utils/util.hpp:23:36: error: expected ';' at end of declaration list
  const operator value_type() const noexcept { return value; }
                                   ^
                                   ;
In file included from test_stack.cpp:1:
In file included from ./tester.hpp:13:
In file included from ./../containers/map.hpp:4:
In file included from ./../containers/../utils/rb_tree.hpp:6:
In file included from ./../containers/stack.hpp:4:
./../containers/vector.hpp:45:9: error: delegating constructors are permitted only in C++11
      : vector(alloc) {
        ^~~~~~
test_stack.cpp:21:19: note: in instantiation of member function 'ft::vector<int, std::__1::allocator<int> >::vector' requested here
  ft::vector<int> myvector(2, 200);  // vector with 2 elements
                  ^
In file included from test_stack.cpp:1:
In file included from ./tester.hpp:13:
In file included from ./../containers/map.hpp:4:
In file included from ./../containers/../utils/rb_tree.hpp:6:
In file included from ./../containers/stack.hpp:4:
./../containers/vector.hpp:37:14: error: delegating constructors are permitted only in C++11
  vector() : vector(allocator_type()) {}
             ^~~~~~
./../containers/stack.hpp:16:47: note: in instantiation of member function 'ft::vector<int, std::__1::allocator<int> >::vector' requested here
  explicit stack(const container_type& ctnr = container_type()) : _c(ctnr) {}
                                              ^
In file included from test_stack.cpp:1:
In file included from ./tester.hpp:13:
In file included from ./../containers/map.hpp:4:
In file included from ./../containers/../utils/rb_tree.hpp:6:
In file included from ./../containers/stack.hpp:4:
./../containers/vector.hpp:62:33: error: delegating constructors are permitted only in C++11
  vector(const vector& other) : vector(other._alloc) {
                                ^~~~~~
./../containers/stack.hpp:16:67: note: in instantiation of member function 'ft::vector<int, std::__1::allocator<int> >::vector' requested here
  explicit stack(const container_type& ctnr = container_type()) : _c(ctnr) {}
                                                                  ^
test_stack.cpp:23:18: note: in instantiation of member function 'ft::stack<int, ft::vector<int, std::__1::allocator<int> > >::stack' requested here
  ft::stack<int> first;  // empty stack
                 ^
In file included from test_stack.cpp:1:
In file included from ./tester.hpp:13:
In file included from ./../containers/map.hpp:4:
In file included from ./../containers/../utils/rb_tree.hpp:6:
./../containers/stack.hpp:17:31: error: no matching constructor for initialization of 'ft::stack<int, ft::vector<int, std::__1::allocator<int> > >::container_type' (aka 'ft::vector<int, std::__1::allocator<int> >')
  stack(const stack& other) : _c(other._c) {}
                              ^  ~~~~~~~~
test_stack.cpp:97:18: note: in instantiation of member function 'ft::stack<int, ft::vector<int, std::__1::allocator<int> > >::stack' requested here
  ft::stack<int> eve(alice);
                 ^
./../containers/vector.hpp:38:12: note: candidate constructor not viable: no known conversion from 'const ft::stack<int, ft::vector<int, std::__1::allocator<int> > >::container_type' (aka 'const ft::vector<int, std::__1::allocator<int> >') to 'const std::__1::allocator<int>' for 1st argument
  explicit vector(const Allocator& alloc)
           ^
./../containers/vector.hpp:50:3: note: candidate constructor template not viable: requires at least 2 arguments, but 1 was provided
  vector(InputIt head, InputIt tail, const Allocator& alloc = Allocator(),
  ^
6 errors generated.
In file included from test_util.cpp:1:
In file included from ./tester.hpp:13:
In file included from ./../containers/map.hpp:4:
In file included from ./../containers/../utils/rb_tree.hpp:6:
In file included from ./../containers/../utils/../containers/stack.hpp:4:
In file included from ./../containers/vector.hpp:9:
./../containers/../utils/util.hpp:23:9: error: cannot specify any part of a return type in the declaration of a conversion function; put the complete type after 'operator'
  const operator value_type() const noexcept { return value; }
        ^~~~~~~~
./../containers/../utils/util.hpp:23:36: error: expected ';' at end of declaration list
  const operator value_type() const noexcept { return value; }
                                   ^
                                   ;
test_util.cpp:14:64: error: no member named 'value' in 'ft::is_same<bool, bool>'
  cout << ft::is_same<ft::is_integral<int>::value_type, bool>::value << ":value_type == bool" << endl;
          ~~~~~~~~~~~~~~~~~~~~~~~~~~~~~~~~~~~~~~~~~~~~~~~~~~~~~^
test_util.cpp:15:67: error: no member named 'value' in 'ft::is_same<ft::integral_constant<bool, true>, ft::integral_constant<bool, true> >'
  cout << ft::is_same<ft::is_integral<int>::type, ft::true_type>::value << ":type == true_type" << endl;
          ~~~~~~~~~~~~~~~~~~~~~~~~~~~~~~~~~~~~~~~~~~~~~~~~~~~~~~~~^
test_util.cpp:16:8: error: invalid operands to binary expression ('std::__1::ostream' (aka 'basic_ostream<char>') and 'ft::is_integral<int>')
  cout << ft::is_integral<int>() << ":is_integral<int>() == true" << endl;
  ~~~~ ^  ~~~~~~~~~~~~~~~~~~~~~~
/Applications/Xcode.app/Contents/Developer/Toolchains/XcodeDefault.xctoolchain/usr/bin/../include/c++/v1/ostream:195:20: note: candidate function not viable: no known conversion from 'ft::is_integral<int>' to 'std::__1::basic_ostream<char> &(*)(std::__1::basic_ostream<char> &)' for 1st argument
    basic_ostream& operator<<(basic_ostream& (*__pf)(basic_ostream&))
                   ^
/Applications/Xcode.app/Contents/Developer/Toolchains/XcodeDefault.xctoolchain/usr/bin/../include/c++/v1/ostream:199:20: note: candidate function not viable: no known conversion from 'ft::is_integral<int>' to 'basic_ios<std::__1::basic_ostream<char, std::__1::char_traits<char> >::char_type, std::__1::basic_ostream<char, std::__1::char_traits<char> >::traits_type> &(*)(basic_ios<std::__1::basic_ostream<char, std::__1::char_traits<char> >::char_type, std::__1::basic_ostream<char, std::__1::char_traits<char> >::traits_type> &)' (aka 'basic_ios<char, std::__1::char_traits<char> > &(*)(basic_ios<char, std::__1::char_traits<char> > &)') for 1st argument
    basic_ostream& operator<<(basic_ios<char_type, traits_type>&
                   ^
/Applications/Xcode.app/Contents/Developer/Toolchains/XcodeDefault.xctoolchain/usr/bin/../include/c++/v1/ostream:204:20: note: candidate function not viable: no known conversion from 'ft::is_integral<int>' to 'std::__1::ios_base &(*)(std::__1::ios_base &)' for 1st argument
    basic_ostream& operator<<(ios_base& (*__pf)(ios_base&))
                   ^
/Applications/Xcode.app/Contents/Developer/Toolchains/XcodeDefault.xctoolchain/usr/bin/../include/c++/v1/ostream:207:20: note: candidate function not viable: no known conversion from 'ft::is_integral<int>' to 'bool' for 1st argument
    basic_ostream& operator<<(bool __n);
                   ^
/Applications/Xcode.app/Contents/Developer/Toolchains/XcodeDefault.xctoolchain/usr/bin/../include/c++/v1/ostream:208:20: note: candidate function not viable: no known conversion from 'ft::is_integral<int>' to 'short' for 1st argument
    basic_ostream& operator<<(short __n);
                   ^
/Applications/Xcode.app/Contents/Developer/Toolchains/XcodeDefault.xctoolchain/usr/bin/../include/c++/v1/ostream:209:20: note: candidate function not viable: no known conversion from 'ft::is_integral<int>' to 'unsigned short' for 1st argument
    basic_ostream& operator<<(unsigned short __n);
                   ^
/Applications/Xcode.app/Contents/Developer/Toolchains/XcodeDefault.xctoolchain/usr/bin/../include/c++/v1/ostream:210:20: note: candidate function not viable: no known conversion from 'ft::is_integral<int>' to 'int' for 1st argument
    basic_ostream& operator<<(int __n);
                   ^
/Applications/Xcode.app/Contents/Developer/Toolchains/XcodeDefault.xctoolchain/usr/bin/../include/c++/v1/ostream:211:20: note: candidate function not viable: no known conversion from 'ft::is_integral<int>' to 'unsigned int' for 1st argument
    basic_ostream& operator<<(unsigned int __n);
                   ^
/Applications/Xcode.app/Contents/Developer/Toolchains/XcodeDefault.xctoolchain/usr/bin/../include/c++/v1/ostream:212:20: note: candidate function not viable: no known conversion from 'ft::is_integral<int>' to 'long' for 1st argument
    basic_ostream& operator<<(long __n);
                   ^
/Applications/Xcode.app/Contents/Developer/Toolchains/XcodeDefault.xctoolchain/usr/bin/../include/c++/v1/ostream:213:20: note: candidate function not viable: no known conversion from 'ft::is_integral<int>' to 'unsigned long' for 1st argument
    basic_ostream& operator<<(unsigned long __n);
                   ^
/Applications/Xcode.app/Contents/Developer/Toolchains/XcodeDefault.xctoolchain/usr/bin/../include/c++/v1/ostream:214:20: note: candidate function not viable: no known conversion from 'ft::is_integral<int>' to 'long long' for 1st argument
    basic_ostream& operator<<(long long __n);
                   ^
/Applications/Xcode.app/Contents/Developer/Toolchains/XcodeDefault.xctoolchain/usr/bin/../include/c++/v1/ostream:215:20: note: candidate function not viable: no known conversion from 'ft::is_integral<int>' to 'unsigned long long' for 1st argument
    basic_ostream& operator<<(unsigned long long __n);
                   ^
/Applications/Xcode.app/Contents/Developer/Toolchains/XcodeDefault.xctoolchain/usr/bin/../include/c++/v1/ostream:216:20: note: candidate function not viable: no known conversion from 'ft::is_integral<int>' to 'float' for 1st argument
    basic_ostream& operator<<(float __f);
                   ^
/Applications/Xcode.app/Contents/Developer/Toolchains/XcodeDefault.xctoolchain/usr/bin/../include/c++/v1/ostream:217:20: note: candidate function not viable: no known conversion from 'ft::is_integral<int>' to 'double' for 1st argument
    basic_ostream& operator<<(double __f);
                   ^
/Applications/Xcode.app/Contents/Developer/Toolchains/XcodeDefault.xctoolchain/usr/bin/../include/c++/v1/ostream:218:20: note: candidate function not viable: no known conversion from 'ft::is_integral<int>' to 'long double' for 1st argument
    basic_ostream& operator<<(long double __f);
                   ^
/Applications/Xcode.app/Contents/Developer/Toolchains/XcodeDefault.xctoolchain/usr/bin/../include/c++/v1/ostream:219:20: note: candidate function not viable: no known conversion from 'ft::is_integral<int>' to 'const void *' for 1st argument
    basic_ostream& operator<<(const void* __p);
                   ^
/Applications/Xcode.app/Contents/Developer/Toolchains/XcodeDefault.xctoolchain/usr/bin/../include/c++/v1/ostream:220:20: note: candidate function not viable: no known conversion from 'ft::is_integral<int>' to 'basic_streambuf<std::__1::basic_ostream<char, std::__1::char_traits<char> >::char_type, std::__1::basic_ostream<char, std::__1::char_traits<char> >::traits_type> *' (aka 'basic_streambuf<char, std::__1::char_traits<char> > *') for 1st argument
    basic_ostream& operator<<(basic_streambuf<char_type, traits_type>* __sb);
                   ^
/Applications/Xcode.app/Contents/Developer/Toolchains/XcodeDefault.xctoolchain/usr/bin/../include/c++/v1/ostream:756:1: note: candidate function template not viable: no known conversion from 'ft::is_integral<int>' to 'char' for 2nd argument
operator<<(basic_ostream<_CharT, _Traits>& __os, char __cn)
^
/Applications/Xcode.app/Contents/Developer/Toolchains/XcodeDefault.xctoolchain/usr/bin/../include/c++/v1/ostream:789:1: note: candidate function template not viable: no known conversion from 'ft::is_integral<int>' to 'char' for 2nd argument
operator<<(basic_ostream<char, _Traits>& __os, char __c)
^
/Applications/Xcode.app/Contents/Developer/Toolchains/XcodeDefault.xctoolchain/usr/bin/../include/c++/v1/ostream:796:1: note: candidate function template not viable: no known conversion from 'ft::is_integral<int>' to 'signed char' for 2nd argument
operator<<(basic_ostream<char, _Traits>& __os, signed char __c)
^
/Applications/Xcode.app/Contents/Developer/Toolchains/XcodeDefault.xctoolchain/usr/bin/../include/c++/v1/ostream:803:1: note: candidate function template not viable: no known conversion from 'ft::is_integral<int>' to 'unsigned char' for 2nd argument
operator<<(basic_ostream<char, _Traits>& __os, unsigned char __c)
^
/Applications/Xcode.app/Contents/Developer/Toolchains/XcodeDefault.xctoolchain/usr/bin/../include/c++/v1/ostream:817:1: note: candidate function template not viable: no known conversion from 'ft::is_integral<int>' to 'const char *' for 2nd argument
operator<<(basic_ostream<_CharT, _Traits>& __os, const char* __strn)
^
/Applications/Xcode.app/Contents/Developer/Toolchains/XcodeDefault.xctoolchain/usr/bin/../include/c++/v1/ostream:863:1: note: candidate function template not viable: no known conversion from 'ft::is_integral<int>' to 'const char *' for 2nd argument
operator<<(basic_ostream<char, _Traits>& __os, const char* __str)
^
/Applications/Xcode.app/Contents/Developer/Toolchains/XcodeDefault.xctoolchain/usr/bin/../include/c++/v1/ostream:870:1: note: candidate function template not viable: no known conversion from 'ft::is_integral<int>' to 'const signed char *' for 2nd argument
operator<<(basic_ostream<char, _Traits>& __os, const signed char* __str)
^
/Applications/Xcode.app/Contents/Developer/Toolchains/XcodeDefault.xctoolchain/usr/bin/../include/c++/v1/ostream:878:1: note: candidate function template not viable: no known conversion from 'ft::is_integral<int>' to 'const unsigned char *' for 2nd argument
operator<<(basic_ostream<char, _Traits>& __os, const unsigned char* __str)
^
/Applications/Xcode.app/Contents/Developer/Toolchains/XcodeDefault.xctoolchain/usr/bin/../include/c++/v1/ostream:1062:1: note: candidate function template not viable: no known conversion from 'ft::is_integral<int>' to 'const std::__1::error_code' for 2nd argument
operator<<(basic_ostream<_CharT, _Traits>& __os, const error_code& __ec)
^
/Applications/Xcode.app/Contents/Developer/Toolchains/XcodeDefault.xctoolchain/usr/bin/../include/c++/v1/ostream:749:1: note: candidate template ignored: deduced conflicting types for parameter '_CharT' ('char' vs. 'ft::is_integral<int>')
operator<<(basic_ostream<_CharT, _Traits>& __os, _CharT __c)
^
/Applications/Xcode.app/Contents/Developer/Toolchains/XcodeDefault.xctoolchain/usr/bin/../include/c++/v1/ostream:810:1: note: candidate template ignored: could not match 'const _CharT *' against 'ft::is_integral<int>'
operator<<(basic_ostream<_CharT, _Traits>& __os, const _CharT* __str)
^
/Applications/Xcode.app/Contents/Developer/Toolchains/XcodeDefault.xctoolchain/usr/bin/../include/c++/v1/ostream:1045:1: note: candidate template ignored: could not match 'basic_string' against 'is_integral'
operator<<(basic_ostream<_CharT, _Traits>& __os,
^
/Applications/Xcode.app/Contents/Developer/Toolchains/XcodeDefault.xctoolchain/usr/bin/../include/c++/v1/ostream:1053:1: note: candidate template ignored: could not match 'basic_string_view' against 'is_integral'
operator<<(basic_ostream<_CharT, _Traits>& __os,
^
/Applications/Xcode.app/Contents/Developer/Toolchains/XcodeDefault.xctoolchain/usr/bin/../include/c++/v1/ostream:1070:1: note: candidate template ignored: could not match 'shared_ptr' against 'is_integral'
operator<<(basic_ostream<_CharT, _Traits>& __os, shared_ptr<_Yp> const& __p)
^
/Applications/Xcode.app/Contents/Developer/Toolchains/XcodeDefault.xctoolchain/usr/bin/../include/c++/v1/ostream:1082:1: note: candidate template ignored: could not match 'unique_ptr' against 'is_integral'
operator<<(basic_ostream<_CharT, _Traits>& __os, unique_ptr<_Yp, _Dp> const& __p)
^
/Applications/Xcode.app/Contents/Developer/Toolchains/XcodeDefault.xctoolchain/usr/bin/../include/c++/v1/ostream:1089:1: note: candidate template ignored: could not match 'bitset' against 'is_integral'
operator<<(basic_ostream<_CharT, _Traits>& __os, const bitset<_Size>& __x)
^
/Applications/Xcode.app/Contents/Developer/Toolchains/XcodeDefault.xctoolchain/usr/bin/../include/c++/v1/iomanip:363:1: note: candidate template ignored: could not match '__iom_t8' against 'is_integral'
operator<<(basic_ostream<_CharT, _Traits>& __os, const __iom_t8<_MoneyT>& __x)
^
/Applications/Xcode.app/Contents/Developer/Toolchains/XcodeDefault.xctoolchain/usr/bin/../include/c++/v1/iomanip:478:5: note: candidate template ignored: could not match '__iom_t10' against 'is_integral'
    operator<<(basic_ostream<_Cp, _Traits>& __os, const __iom_t10<_Cp>& __x);
    ^
/Applications/Xcode.app/Contents/Developer/Toolchains/XcodeDefault.xctoolchain/usr/bin/../include/c++/v1/iomanip:573:33: note: candidate template ignored: could not match '__quoted_output_proxy' against 'is_integral'
basic_ostream<_CharT, _Traits>& operator<<(
                                ^
/Applications/Xcode.app/Contents/Developer/Toolchains/XcodeDefault.xctoolchain/usr/bin/../include/c++/v1/iomanip:593:33: note: candidate template ignored: could not match '__quoted_proxy' against 'is_integral'
basic_ostream<_CharT, _Traits>& operator<<(
                                ^
test_util.cpp:19:46: error: no member named 'value_type' in 'ft::is_integral<int *>'
  cout << ft::is_same<ft::is_integral<int*>::value_type, bool>::value << ":value_type == bool" << endl;
                      ~~~~~~~~~~~~~~~~~~~~~~~^
test_util.cpp:20:46: error: no member named 'type' in 'ft::is_integral<int *>'
  cout << ft::is_same<ft::is_integral<int*>::type, ft::false_type>::value << ":type == false_type" << endl;
                      ~~~~~~~~~~~~~~~~~~~~~~~^
test_util.cpp:21:8: error: invalid operands to binary expression ('std::__1::ostream' (aka 'basic_ostream<char>') and 'ft::is_integral<int *>')
  cout << ft::is_integral<int*>() << ":is_integral<int*>() == false" << endl;
  ~~~~ ^  ~~~~~~~~~~~~~~~~~~~~~~~
/Applications/Xcode.app/Contents/Developer/Toolchains/XcodeDefault.xctoolchain/usr/bin/../include/c++/v1/ostream:195:20: note: candidate function not viable: no known conversion from 'ft::is_integral<int *>' to 'std::__1::basic_ostream<char> &(*)(std::__1::basic_ostream<char> &)' for 1st argument
    basic_ostream& operator<<(basic_ostream& (*__pf)(basic_ostream&))
                   ^
/Applications/Xcode.app/Contents/Developer/Toolchains/XcodeDefault.xctoolchain/usr/bin/../include/c++/v1/ostream:199:20: note: candidate function not viable: no known conversion from 'ft::is_integral<int *>' to 'basic_ios<std::__1::basic_ostream<char, std::__1::char_traits<char> >::char_type, std::__1::basic_ostream<char, std::__1::char_traits<char> >::traits_type> &(*)(basic_ios<std::__1::basic_ostream<char, std::__1::char_traits<char> >::char_type, std::__1::basic_ostream<char, std::__1::char_traits<char> >::traits_type> &)' (aka 'basic_ios<char, std::__1::char_traits<char> > &(*)(basic_ios<char, std::__1::char_traits<char> > &)') for 1st argument
    basic_ostream& operator<<(basic_ios<char_type, traits_type>&
                   ^
/Applications/Xcode.app/Contents/Developer/Toolchains/XcodeDefault.xctoolchain/usr/bin/../include/c++/v1/ostream:204:20: note: candidate function not viable: no known conversion from 'ft::is_integral<int *>' to 'std::__1::ios_base &(*)(std::__1::ios_base &)' for 1st argument
    basic_ostream& operator<<(ios_base& (*__pf)(ios_base&))
                   ^
/Applications/Xcode.app/Contents/Developer/Toolchains/XcodeDefault.xctoolchain/usr/bin/../include/c++/v1/ostream:207:20: note: candidate function not viable: no known conversion from 'ft::is_integral<int *>' to 'bool' for 1st argument
    basic_ostream& operator<<(bool __n);
                   ^
/Applications/Xcode.app/Contents/Developer/Toolchains/XcodeDefault.xctoolchain/usr/bin/../include/c++/v1/ostream:208:20: note: candidate function not viable: no known conversion from 'ft::is_integral<int *>' to 'short' for 1st argument
    basic_ostream& operator<<(short __n);
                   ^
/Applications/Xcode.app/Contents/Developer/Toolchains/XcodeDefault.xctoolchain/usr/bin/../include/c++/v1/ostream:209:20: note: candidate function not viable: no known conversion from 'ft::is_integral<int *>' to 'unsigned short' for 1st argument
    basic_ostream& operator<<(unsigned short __n);
                   ^
/Applications/Xcode.app/Contents/Developer/Toolchains/XcodeDefault.xctoolchain/usr/bin/../include/c++/v1/ostream:210:20: note: candidate function not viable: no known conversion from 'ft::is_integral<int *>' to 'int' for 1st argument
    basic_ostream& operator<<(int __n);
                   ^
/Applications/Xcode.app/Contents/Developer/Toolchains/XcodeDefault.xctoolchain/usr/bin/../include/c++/v1/ostream:211:20: note: candidate function not viable: no known conversion from 'ft::is_integral<int *>' to 'unsigned int' for 1st argument
    basic_ostream& operator<<(unsigned int __n);
                   ^
/Applications/Xcode.app/Contents/Developer/Toolchains/XcodeDefault.xctoolchain/usr/bin/../include/c++/v1/ostream:212:20: note: candidate function not viable: no known conversion from 'ft::is_integral<int *>' to 'long' for 1st argument
    basic_ostream& operator<<(long __n);
                   ^
/Applications/Xcode.app/Contents/Developer/Toolchains/XcodeDefault.xctoolchain/usr/bin/../include/c++/v1/ostream:213:20: note: candidate function not viable: no known conversion from 'ft::is_integral<int *>' to 'unsigned long' for 1st argument
    basic_ostream& operator<<(unsigned long __n);
                   ^
/Applications/Xcode.app/Contents/Developer/Toolchains/XcodeDefault.xctoolchain/usr/bin/../include/c++/v1/ostream:214:20: note: candidate function not viable: no known conversion from 'ft::is_integral<int *>' to 'long long' for 1st argument
    basic_ostream& operator<<(long long __n);
                   ^
/Applications/Xcode.app/Contents/Developer/Toolchains/XcodeDefault.xctoolchain/usr/bin/../include/c++/v1/ostream:215:20: note: candidate function not viable: no known conversion from 'ft::is_integral<int *>' to 'unsigned long long' for 1st argument
    basic_ostream& operator<<(unsigned long long __n);
                   ^
/Applications/Xcode.app/Contents/Developer/Toolchains/XcodeDefault.xctoolchain/usr/bin/../include/c++/v1/ostream:216:20: note: candidate function not viable: no known conversion from 'ft::is_integral<int *>' to 'float' for 1st argument
    basic_ostream& operator<<(float __f);
                   ^
/Applications/Xcode.app/Contents/Developer/Toolchains/XcodeDefault.xctoolchain/usr/bin/../include/c++/v1/ostream:217:20: note: candidate function not viable: no known conversion from 'ft::is_integral<int *>' to 'double' for 1st argument
    basic_ostream& operator<<(double __f);
                   ^
/Applications/Xcode.app/Contents/Developer/Toolchains/XcodeDefault.xctoolchain/usr/bin/../include/c++/v1/ostream:218:20: note: candidate function not viable: no known conversion from 'ft::is_integral<int *>' to 'long double' for 1st argument
    basic_ostream& operator<<(long double __f);
                   ^
/Applications/Xcode.app/Contents/Developer/Toolchains/XcodeDefault.xctoolchain/usr/bin/../include/c++/v1/ostream:219:20: note: candidate function not viable: no known conversion from 'ft::is_integral<int *>' to 'const void *' for 1st argument
    basic_ostream& operator<<(const void* __p);
                   ^
/Applications/Xcode.app/Contents/Developer/Toolchains/XcodeDefault.xctoolchain/usr/bin/../include/c++/v1/ostream:220:20: note: candidate function not viable: no known conversion from 'ft::is_integral<int *>' to 'basic_streambuf<std::__1::basic_ostream<char, std::__1::char_traits<char> >::char_type, std::__1::basic_ostream<char, std::__1::char_traits<char> >::traits_type> *' (aka 'basic_streambuf<char, std::__1::char_traits<char> > *') for 1st argument
    basic_ostream& operator<<(basic_streambuf<char_type, traits_type>* __sb);
                   ^
/Applications/Xcode.app/Contents/Developer/Toolchains/XcodeDefault.xctoolchain/usr/bin/../include/c++/v1/ostream:756:1: note: candidate function template not viable: no known conversion from 'ft::is_integral<int *>' to 'char' for 2nd argument
operator<<(basic_ostream<_CharT, _Traits>& __os, char __cn)
^
/Applications/Xcode.app/Contents/Developer/Toolchains/XcodeDefault.xctoolchain/usr/bin/../include/c++/v1/ostream:789:1: note: candidate function template not viable: no known conversion from 'ft::is_integral<int *>' to 'char' for 2nd argument
operator<<(basic_ostream<char, _Traits>& __os, char __c)
^
/Applications/Xcode.app/Contents/Developer/Toolchains/XcodeDefault.xctoolchain/usr/bin/../include/c++/v1/ostream:796:1: note: candidate function template not viable: no known conversion from 'ft::is_integral<int *>' to 'signed char' for 2nd argument
operator<<(basic_ostream<char, _Traits>& __os, signed char __c)
^
/Applications/Xcode.app/Contents/Developer/Toolchains/XcodeDefault.xctoolchain/usr/bin/../include/c++/v1/ostream:803:1: note: candidate function template not viable: no known conversion from 'ft::is_integral<int *>' to 'unsigned char' for 2nd argument
operator<<(basic_ostream<char, _Traits>& __os, unsigned char __c)
^
/Applications/Xcode.app/Contents/Developer/Toolchains/XcodeDefault.xctoolchain/usr/bin/../include/c++/v1/ostream:817:1: note: candidate function template not viable: no known conversion from 'ft::is_integral<int *>' to 'const char *' for 2nd argument
operator<<(basic_ostream<_CharT, _Traits>& __os, const char* __strn)
^
/Applications/Xcode.app/Contents/Developer/Toolchains/XcodeDefault.xctoolchain/usr/bin/../include/c++/v1/ostream:863:1: note: candidate function template not viable: no known conversion from 'ft::is_integral<int *>' to 'const char *' for 2nd argument
operator<<(basic_ostream<char, _Traits>& __os, const char* __str)
^
/Applications/Xcode.app/Contents/Developer/Toolchains/XcodeDefault.xctoolchain/usr/bin/../include/c++/v1/ostream:870:1: note: candidate function template not viable: no known conversion from 'ft::is_integral<int *>' to 'const signed char *' for 2nd argument
operator<<(basic_ostream<char, _Traits>& __os, const signed char* __str)
^
/Applications/Xcode.app/Contents/Developer/Toolchains/XcodeDefault.xctoolchain/usr/bin/../include/c++/v1/ostream:878:1: note: candidate function template not viable: no known conversion from 'ft::is_integral<int *>' to 'const unsigned char *' for 2nd argument
operator<<(basic_ostream<char, _Traits>& __os, const unsigned char* __str)
^
/Applications/Xcode.app/Contents/Developer/Toolchains/XcodeDefault.xctoolchain/usr/bin/../include/c++/v1/ostream:1062:1: note: candidate function template not viable: no known conversion from 'ft::is_integral<int *>' to 'const std::__1::error_code' for 2nd argument
operator<<(basic_ostream<_CharT, _Traits>& __os, const error_code& __ec)
^
/Applications/Xcode.app/Contents/Developer/Toolchains/XcodeDefault.xctoolchain/usr/bin/../include/c++/v1/ostream:749:1: note: candidate template ignored: deduced conflicting types for parameter '_CharT' ('char' vs. 'ft::is_integral<int *>')
operator<<(basic_ostream<_CharT, _Traits>& __os, _CharT __c)
^
/Applications/Xcode.app/Contents/Developer/Toolchains/XcodeDefault.xctoolchain/usr/bin/../include/c++/v1/ostream:810:1: note: candidate template ignored: could not match 'const _CharT *' against 'ft::is_integral<int *>'
operator<<(basic_ostream<_CharT, _Traits>& __os, const _CharT* __str)
^
/Applications/Xcode.app/Contents/Developer/Toolchains/XcodeDefault.xctoolchain/usr/bin/../include/c++/v1/ostream:1045:1: note: candidate template ignored: could not match 'basic_string' against 'is_integral'
operator<<(basic_ostream<_CharT, _Traits>& __os,
^
/Applications/Xcode.app/Contents/Developer/Toolchains/XcodeDefault.xctoolchain/usr/bin/../include/c++/v1/ostream:1053:1: note: candidate template ignored: could not match 'basic_string_view' against 'is_integral'
operator<<(basic_ostream<_CharT, _Traits>& __os,
^
/Applications/Xcode.app/Contents/Developer/Toolchains/XcodeDefault.xctoolchain/usr/bin/../include/c++/v1/ostream:1070:1: note: candidate template ignored: could not match 'shared_ptr' against 'is_integral'
operator<<(basic_ostream<_CharT, _Traits>& __os, shared_ptr<_Yp> const& __p)
^
/Applications/Xcode.app/Contents/Developer/Toolchains/XcodeDefault.xctoolchain/usr/bin/../include/c++/v1/ostream:1082:1: note: candidate template ignored: could not match 'unique_ptr' against 'is_integral'
operator<<(basic_ostream<_CharT, _Traits>& __os, unique_ptr<_Yp, _Dp> const& __p)
^
/Applications/Xcode.app/Contents/Developer/Toolchains/XcodeDefault.xctoolchain/usr/bin/../include/c++/v1/ostream:1089:1: note: candidate template ignored: could not match 'bitset' against 'is_integral'
operator<<(basic_ostream<_CharT, _Traits>& __os, const bitset<_Size>& __x)
^
/Applications/Xcode.app/Contents/Developer/Toolchains/XcodeDefault.xctoolchain/usr/bin/../include/c++/v1/iomanip:363:1: note: candidate template ignored: could not match '__iom_t8' against 'is_integral'
operator<<(basic_ostream<_CharT, _Traits>& __os, const __iom_t8<_MoneyT>& __x)
^
/Applications/Xcode.app/Contents/Developer/Toolchains/XcodeDefault.xctoolchain/usr/bin/../include/c++/v1/iomanip:478:5: note: candidate template ignored: could not match '__iom_t10' against 'is_integral'
    operator<<(basic_ostream<_Cp, _Traits>& __os, const __iom_t10<_Cp>& __x);
    ^
/Applications/Xcode.app/Contents/Developer/Toolchains/XcodeDefault.xctoolchain/usr/bin/../include/c++/v1/iomanip:573:33: note: candidate template ignored: could not match '__quoted_output_proxy' against 'is_integral'
basic_ostream<_CharT, _Traits>& operator<<(
                                ^
/Applications/Xcode.app/Contents/Developer/Toolchains/XcodeDefault.xctoolchain/usr/bin/../include/c++/v1/iomanip:593:33: note: candidate template ignored: could not match '__quoted_proxy' against 'is_integral'
basic_ostream<_CharT, _Traits>& operator<<(
                                ^
test_util.cpp:30:27: warning: template argument uses local type 'my_enum' [-Wlocal-type-template-args]
  cout << ft::is_integral<my_enum>::value << ":my_enum is not integral" << endl;
                          ^~~~~~~
In file included from test_util.cpp:1:
In file included from ./tester.hpp:13:
In file included from ./../containers/map.hpp:4:
In file included from ./../containers/../utils/rb_tree.hpp:6:
In file included from ./../containers/stack.hpp:4:
In file included from ./../containers/vector.hpp:9:
./../utils/util.hpp:140:54: warning: template argument uses local type 'my_enum' [-Wlocal-type-template-args]
    : public __is_integral_helper<typename remove_cv<T>::type>::type {};
                                                     ^
test_util.cpp:30:15: note: in instantiation of template class 'ft::is_integral<my_enum>' requested here
  cout << ft::is_integral<my_enum>::value << ":my_enum is not integral" << endl;
              ^
In file included from test_util.cpp:1:
In file included from ./tester.hpp:13:
In file included from ./../containers/map.hpp:4:
In file included from ./../containers/../utils/rb_tree.hpp:6:
In file included from ./../containers/stack.hpp:4:
In file included from ./../containers/vector.hpp:9:
./../utils/util.hpp:71:58: warning: template argument uses local type 'my_enum' [-Wlocal-type-template-args]
  typedef typename remove_const<typename remove_volatile<T>::type>::type type;
                                                         ^
./../utils/util.hpp:140:44: note: in instantiation of template class 'ft::remove_cv<my_enum>' requested here
    : public __is_integral_helper<typename remove_cv<T>::type>::type {};
                                           ^
test_util.cpp:30:15: note: in instantiation of template class 'ft::is_integral<my_enum>' requested here
  cout << ft::is_integral<my_enum>::value << ":my_enum is not integral" << endl;
              ^
In file included from test_util.cpp:1:
In file included from ./tester.hpp:13:
In file included from ./../containers/map.hpp:4:
In file included from ./../containers/../utils/rb_tree.hpp:6:
In file included from ./../containers/stack.hpp:4:
In file included from ./../containers/vector.hpp:9:
./../utils/util.hpp:71:33: warning: template argument uses local type 'my_enum' [-Wlocal-type-template-args]
  typedef typename remove_const<typename remove_volatile<T>::type>::type type;
                                ^~~~~~~~~~~~~~~~~~~~~~~~~~~~~~~~~
./../utils/util.hpp:140:35: warning: template argument uses local type 'my_enum' [-Wlocal-type-template-args]
    : public __is_integral_helper<typename remove_cv<T>::type>::type {};
                                  ^~~~~~~~~~~~~~~~~~~~~~~~~~~
test_util.cpp:30:15: note: in instantiation of template class 'ft::is_integral<my_enum>' requested here
  cout << ft::is_integral<my_enum>::value << ":my_enum is not integral" << endl;
              ^
test_util.cpp:49:11: error: type 'ft::is_integral<int>' does not provide a call operator
  int f = F();
          ^
5 warnings and 9 errors generated.
In file included from test_vector.cpp:1:
In file included from ./tester.hpp:13:
In file included from ./../containers/map.hpp:4:
In file included from ./../containers/../utils/rb_tree.hpp:6:
In file included from ./../containers/../utils/../containers/stack.hpp:4:
In file included from ./../containers/vector.hpp:9:
./../containers/../utils/util.hpp:23:9: error: cannot specify any part of a return type in the declaration of a conversion function; put the complete type after 'operator'
  const operator value_type() const noexcept { return value; }
        ^~~~~~~~
./../containers/../utils/util.hpp:23:36: error: expected ';' at end of declaration list
  const operator value_type() const noexcept { return value; }
                                   ^
                                   ;
test_vector.cpp:224:13: error: expected ';' at end of declaration
  RevIt r_it{it};
            ^
            ;
test_vector.cpp:231:14: error: expected ';' at end of declaration
  RevIt r_end{v.begin()};
             ^
             ;
test_vector.cpp:232:16: error: expected ';' at end of declaration
  RevIt r_begin{v.end()};
               ^
               ;
test_vector.cpp:247:15: warning: alias declarations are a C++11 extension [-Wc++11-extensions]
  using RI1 = ft::reverse_iterator<ft::vector<int>::iterator>;
              ^
test_vector.cpp:255:9: error: expected ';' at end of declaration
  RI1 r1{vi.rend() - 2};
        ^
        ;
test_vector.cpp:265:18: error: expected ';' in 'for' statement specifier
    for (size_t i{}; i != v.size(); ++i)
                 ^
test_vector.cpp:265:18: error: expected expression
test_vector.cpp:265:35: error: expected ')'
    for (size_t i{}; i != v.size(); ++i)
                                  ^
test_vector.cpp:265:9: note: to match this '('
    for (size_t i{}; i != v.size(); ++i)
        ^
test_vector.cpp:265:40: error: expected ';' after expression
    for (size_t i{}; i != v.size(); ++i)
                                       ^
                                       ;
test_vector.cpp:265:39: error: use of undeclared identifier 'i'
    for (size_t i{}; i != v.size(); ++i)
                                      ^
test_vector.cpp:265:40: error: expected expression
    for (size_t i{}; i != v.size(); ++i)
                                       ^
test_vector.cpp:277:54: error: expected '(' for function-style cast or type construction
      ft::reverse_iterator<ft::vector<int>::iterator>{v.rbegin()};
      ~~~~~~~~~~~~~~~~~~~~~~~~~~~~~~~~~~~~~~~~~~~~~~~^
test_vector.cpp:318:56: error: expected ';' at end of declaration
    ft::reverse_iterator<ft::vector<int>::iterator> ri2{2 + ri1};
                                                       ^
                                                       ;
test_vector.cpp:369:19: error: no matching constructor for initialization of 'ft::vector<int>'
  ft::vector<int> V2(V.begin(), V.end());
                  ^  ~~~~~~~~~~~~~~~~~~
./../containers/vector.hpp:43:12: note: candidate constructor not viable: no known conversion from 'ft::vector<int, std::__1::allocator<int> >::iterator' (aka 'random_access_iterator<int>') to 'ft::vector::size_type' (aka 'unsigned long') for 1st argument
  explicit vector(size_type count, const T& value = T(),
           ^
./../containers/vector.hpp:50:3: note: candidate template ignored: substitution failure [with InputIt = ft::random_access_iterator<int>]
  vector(InputIt head, InputIt tail, const Allocator& alloc = Allocator(),
  ^
./../containers/vector.hpp:38:12: note: candidate constructor not viable: requires single argument 'alloc', but 2 arguments were provided
  explicit vector(const Allocator& alloc)
           ^
./../containers/vector.hpp:62:3: note: candidate constructor not viable: requires single argument 'other', but 2 arguments were provided
  vector(const vector& other) : vector(other._alloc) {
  ^
./../containers/vector.hpp:37:3: note: candidate constructor not viable: requires 0 arguments, but 2 were provided
  vector() : vector(allocator_type()) {}
  ^
test_vector.cpp:389:14: error: no matching member function for call to 'assign'
  characters.assign(extra.begin(), extra.end());
  ~~~~~~~~~~~^~~~~~
./../containers/vector.hpp:99:8: note: candidate function not viable: no known conversion from 'std::__1::basic_string<char, std::__1::char_traits<char>, std::__1::allocator<char> >::const_iterator' (aka '__wrap_iter<const char *>') to 'ft::vector::size_type' (aka 'unsigned long') for 1st argument
  void assign(size_type count, const T& value) {
       ^
./../containers/vector.hpp:123:8: note: candidate template ignored: substitution failure [with InputIt = std::__1::__wrap_iter<const char *>]
  void assign(InputIt first, InputIt last,
       ^
test_vector.cpp:497:17: error: expected expression
                [](const int n) { cout << n << ' '; });
                ^
test_vector.cpp:526:17: error: expected expression
                [](const int n) { cout << n << ' '; });
                ^
test_vector.cpp:578:7: error: no matching member function for call to 'insert'
  vec.insert(it + 2, vec2.begin(), vec2.end());
  ~~~~^~~~~~
./../containers/vector.hpp:267:8: note: candidate function not viable: no known conversion from 'ft::vector<int, std::__1::allocator<int> >::iterator' (aka 'random_access_iterator<int>') to 'ft::vector::size_type' (aka 'unsigned long') for 2nd argument
  void insert(iterator pos, size_type count, const T& value) {
       ^
./../containers/vector.hpp:295:8: note: candidate template ignored: substitution failure [with InputIt = ft::random_access_iterator<int>]: no member named 'value' in 'ft::is_integral<ft::random_access_iterator<int> >'
  void insert(iterator pos, InputIt first, InputIt last,
       ^
./../containers/vector.hpp:239:12: note: candidate function not viable: requires 2 arguments, but 3 were provided
  iterator insert(iterator pos, const T& value) {
           ^
fatal error: too many errors emitted, stopping now [-ferror-limit=]
1 warning and 20 errors generated.
make: *** [test0] Error 1
